app/build/intermediates/manifest_merge_blame_file/debug/manifest-merger-blame-debug-report.txt
1<?xml version="1.0" encoding="utf-8"?>
2<manifest xmlns:android="http://schemas.android.com/apk/res/android"
3    package="com.example.groups"
4    android:versionCode="1"
5    android:versionName="1.0" >
6
7    <uses-sdk
8        android:minSdkVersion="16"
8-->src\main\AndroidManifest.xml
9        android:targetSdkVersion="30" />
9-->src\main\AndroidManifest.xml
10
11    <uses-permission android:name="android.permission.ACCESS_NETWORK_STATE" />
11-->src\main\AndroidManifest.xml:5:5-79
11-->src\main\AndroidManifest.xml:5:22-76
12    <uses-permission android:name="android.permission.ACCESS_NETWOR_STATE" />
12-->src\main\AndroidManifest.xml:6:5-78
12-->src\main\AndroidManifest.xml:6:22-75
13    <uses-permission android:name="android.permission.INTERNET" />
13-->src\main\AndroidManifest.xml:7:5-67
13-->src\main\AndroidManifest.xml:7:22-64
14
15    <application
15-->src\main\AndroidManifest.xml:9:5-46:19
16        android:allowBackup="true"
16-->src\main\AndroidManifest.xml:10:9-35
17        android:appComponentFactory="androidx.core.app.CoreComponentFactory"
17-->[androidx.core:core:1.3.1] AndroidManifest.xml:24:18-86
18        android:debuggable="true"
19        android:icon="@mipmap/ic_launcher"
19-->src\main\AndroidManifest.xml:11:9-43
20        android:label="@string/app_name"
20-->src\main\AndroidManifest.xml:12:9-41
21        android:roundIcon="@mipmap/ic_launcher_round"
21-->src\main\AndroidManifest.xml:13:9-54
22        android:supportsRtl="true"
22-->src\main\AndroidManifest.xml:14:9-35
23        android:testOnly="true"
24        android:theme="@style/Theme.Groups"
24-->src\main\AndroidManifest.xml:15:9-44
25        android:usesCleartextTraffic="true" >
25-->src\main\AndroidManifest.xml:16:9-44
26        <activity android:name="com.example.groups.ZhurnalActivity" />
26-->src\main\AndroidManifest.xml:17:9-62
26-->src\main\AndroidManifest.xml:17:19-50
27        <activity android:name="com.example.groups.SGChangeActivity" />
27-->src\main\AndroidManifest.xml:18:9-54
27-->src\main\AndroidManifest.xml:18:19-51
28        <activity android:name="com.example.groups.ChangeSG" />
28-->src\main\AndroidManifest.xml:19:9-46
28-->src\main\AndroidManifest.xml:19:19-43
29        <activity android:name="com.example.groups.CreateTeachActivity" />
29-->src\main\AndroidManifest.xml:20:9-57
29-->src\main\AndroidManifest.xml:20:19-54
30        <activity android:name="com.example.groups.CDiscipline" />
30-->src\main\AndroidManifest.xml:21:9-49
30-->src\main\AndroidManifest.xml:21:19-46
31        <activity android:name="com.example.groups.TTermActivity" />
31-->src\main\AndroidManifest.xml:22:9-51
31-->src\main\AndroidManifest.xml:22:19-48
32        <activity android:name="com.example.groups.GroupsActivity" />
32-->src\main\AndroidManifest.xml:23:9-52
32-->src\main\AndroidManifest.xml:23:19-49
33        <activity android:name="com.example.groups.LessonsActivity" />
33-->src\main\AndroidManifest.xml:24:9-53
33-->src\main\AndroidManifest.xml:24:19-50
34        <activity android:name="com.example.groups.MainTeacher" />
34-->src\main\AndroidManifest.xml:25:9-49
34-->src\main\AndroidManifest.xml:25:19-46
35        <activity android:name="com.example.groups.StudentsChange" />
35-->src\main\AndroidManifest.xml:26:9-52
35-->src\main\AndroidManifest.xml:26:19-49
36        <activity android:name="com.example.groups.DisciplineActivity" />
36-->src\main\AndroidManifest.xml:27:9-56
36-->src\main\AndroidManifest.xml:27:19-53
37        <activity android:name="com.example.groups.TeachersActivity" />
37-->src\main\AndroidManifest.xml:28:9-54
37-->src\main\AndroidManifest.xml:28:19-51
38        <activity android:name="com.example.groups.StudyGroupActivity" />
38-->src\main\AndroidManifest.xml:29:9-56
38-->src\main\AndroidManifest.xml:29:19-53
39        <activity android:name="com.example.groups.ClientActivity" />
39-->src\main\AndroidManifest.xml:30:9-52
39-->src\main\AndroidManifest.xml:30:19-49
40        <activity android:name="com.example.groups.ChangeCourse" />
40-->src\main\AndroidManifest.xml:31:9-50
40-->src\main\AndroidManifest.xml:31:19-47
41        <activity android:name="com.example.groups.CourseActivity" />
41-->src\main\AndroidManifest.xml:32:9-52
41-->src\main\AndroidManifest.xml:32:19-49
42        <activity android:name="com.example.groups.ChangeUser" />
42-->src\main\AndroidManifest.xml:33:9-48
42-->src\main\AndroidManifest.xml:33:19-45
43        <activity android:name="com.example.groups.ActivityUsers" />
43-->src\main\AndroidManifest.xml:34:9-51
43-->src\main\AndroidManifest.xml:34:19-48
44        <activity
44-->src\main\AndroidManifest.xml:35:9-38:63
45            android:name="com.example.groups.Admin_panel"
45-->src\main\AndroidManifest.xml:36:13-40
46            android:label="@string/title_activity_admin_panel"
46-->src\main\AndroidManifest.xml:37:13-63
47            android:theme="@style/Theme.Groups.NoActionBar" />
47-->src\main\AndroidManifest.xml:38:13-60
48        <activity android:name="com.example.groups.MainActivity" >
48-->src\main\AndroidManifest.xml:39:9-45:20
48-->src\main\AndroidManifest.xml:39:19-47
49            <intent-filter>
49-->src\main\AndroidManifest.xml:40:13-44:29
50                <action android:name="android.intent.action.MAIN" />
50-->src\main\AndroidManifest.xml:41:17-69
50-->src\main\AndroidManifest.xml:41:25-66
51
52                <category android:name="android.intent.category.LAUNCHER" />
52-->src\main\AndroidManifest.xml:43:17-77
52-->src\main\AndroidManifest.xml:43:27-74
53            </intent-filter>
54        </activity>
55    </application>
56
57</manifest>